<?xml version="1.0" encoding="UTF-8"?>
<testsuite xmlns:xsi="http://www.w3.org/2001/XMLSchema-instance" xsi:noNamespaceSchemaLocation="https://maven.apache.org/surefire/maven-surefire-plugin/xsd/surefire-test-report.xsd" name="org.sebastian.junit5app.ejemplos.CuentaTest" time="0.22" tests="8" errors="0" skipped="0" failures="0">
  <properties>
[...]
</properties>
  <testcase name="testRelacionBancoCuentas" classname="org.sebastian.junit5app.ejemplos.CuentaTest" time="0.146"/>
  <testcase name="testDineroInsuficienteException" classname="org.sebastian.junit5app.ejemplos.CuentaTest" time="0"/>
  <testcase name="testCreditoCuenta" classname="org.sebastian.junit5app.ejemplos.CuentaTest$CuentaOperacionesTest" time="0.005"/>
  <testcase name="testDebitoCuenta" classname="org.sebastian.junit5app.ejemplos.CuentaTest$CuentaOperacionesTest" time="0"/>
  <testcase name="testTransferirDineroCuentas" classname="org.sebastian.junit5app.ejemplos.CuentaTest$CuentaOperacionesTest" time="0"/>
  <testcase name="testSaldoCuenta" classname="org.sebastian.junit5app.ejemplos.CuentaTest$CuentaTestNombreSaldo" time="0"/>
  <testcase name="testReferenciaCuenta" classname="org.sebastian.junit5app.ejemplos.CuentaTest$CuentaTestNombreSaldo" time="0"/>
  <testcase name="testNombreCuenta" classname="org.sebastian.junit5app.ejemplos.CuentaTest$CuentaTestNombreSaldo" time="0.016"/>
</testsuite>